<?xml version="1.0" encoding="UTF-8"?>
<beans xmlns="http://www.springframework.org/schema/beans" xmlns:xsi="http://www.w3.org/2001/XMLSchema-instance"
	xmlns:tx="http://www.springframework.org/schema/tx" xmlns:context="http://www.springframework.org/schema/context"
	xmlns:jdbc="http://www.springframework.org/schema/jdbc"
	xsi:schemaLocation="http://www.springframework.org/schema/beans 
						http://www.springframework.org/schema/beans/spring-beans-3.0.xsd
						http://www.springframework.org/schema/tx
           				http://www.springframework.org/schema/tx/spring-tx.xsd
						http://www.springframework.org/schema/context
						http://www.springframework.org/schema/context/spring-context-3.0.xsd
						http://www.springframework.org/schema/jdbc
						http://www.springframework.org/schema/jdbc/spring-jdbc-3.0.xsd">


	<tx:annotation-driven />	
	
	<context:annotation-config/>
	<bean class="com.liferay.ecommerce.util.LiferayDatabaseContextTestConfig"/>
	
	<context:component-scan base-package="com.liferay.ecommerce.dao" />
	<context:component-scan base-package="com.liferay.ecommerce.service" />
	
	<import resource="classpath*:/liferay-ecommerce-plugin-context.xml" />
	
	<bean class="org.springframework.orm.jpa.support.PersistenceAnnotationBeanPostProcessor" />

	<bean class="org.springframework.jdbc.datasource.init.ResourceDatabasePopulator">
		<property name="scripts">
			<list>
				<value>classpath:import-test.sql</value>
			</list>
		</property>
	</bean>

	<bean id="transactionManager" class="org.springframework.orm.jpa.JpaTransactionManager">
		<property name="entityManagerFactory" ref="entityManagerFactory" />
	</bean>

	<bean id="jpaAdapter" class="org.springframework.orm.jpa.vendor.HibernateJpaVendorAdapter">
		<property name="database" value="${jdbc.jpa.database}" />
		<property name="showSql" value="${jdbc.jpa.show.sql}" />
	</bean>


	<bean id="servicePropertyPlaceholderConfigurer" class="org.springframework.beans.factory.config.PropertyPlaceholderConfigurer">
		<property name="ignoreUnresolvablePlaceholders" value="true" />
		<property name="locations">
			<list>
				<value>classpath:/settings.properties</value>
			</list>
		</property>
	</bean>
	
	
	<!-- Register the messages.properties -->
	<bean id="messageSource" class="org.springframework.context.support.ResourceBundleMessageSource">
		<property name="basename" value="messages" />
	</bean>

</beans>
